INFO [2026-04-03 10:17:09] $x
INFO [2026-04-03 10:17:09] venn_list
INFO [2026-04-03 10:17:09] 
INFO [2026-04-03 10:17:09] $category.names
INFO [2026-04-03 10:17:09] c("UpGs", "Uniq-Cre-Gained")
INFO [2026-04-03 10:17:09] 
INFO [2026-04-03 10:17:09] $filename
INFO [2026-04-03 10:17:09] [1] "Venn_Overlap.tiff"
INFO [2026-04-03 10:17:09] 
INFO [2026-04-03 10:17:09] $output
INFO [2026-04-03 10:17:09] [1] TRUE
INFO [2026-04-03 10:17:09] 
INFO [2026-04-03 10:17:09] $lwd
INFO [2026-04-03 10:17:09] [1] 3
INFO [2026-04-03 10:17:09] 
INFO [2026-04-03 10:17:09] $fill
INFO [2026-04-03 10:17:09] c("lightblue", "skyblue")
INFO [2026-04-03 10:17:09] 
INFO [2026-04-03 10:17:09] $alpha
INFO [2026-04-03 10:17:09] [1] 0.5
INFO [2026-04-03 10:17:09] 
INFO [2026-04-03 10:17:09] $label.col
INFO [2026-04-03 10:17:09] [1] "black"
INFO [2026-04-03 10:17:09] 
INFO [2026-04-03 10:17:09] $cex
INFO [2026-04-03 10:17:09] [1] 1.5
INFO [2026-04-03 10:17:09] 
INFO [2026-04-03 10:17:09] $fontface
INFO [2026-04-03 10:17:09] [1] "bold"
INFO [2026-04-03 10:17:09] 
INFO [2026-04-03 10:17:09] $cat.cex
INFO [2026-04-03 10:17:09] [1] 1.5
INFO [2026-04-03 10:17:09] 
INFO [2026-04-03 10:17:09] $cat.fontface
INFO [2026-04-03 10:17:09] [1] "bold"
INFO [2026-04-03 10:17:09] 
INFO [2026-04-03 10:17:09] $cat.default.pos
INFO [2026-04-03 10:17:09] [1] "outer"
INFO [2026-04-03 10:17:09] 
INFO [2026-04-03 10:17:09] $cat.dist
INFO [2026-04-03 10:17:09] c(0.05, 0.05)
INFO [2026-04-03 10:17:09] 
