INFO [2026-04-03 10:17:27] $x
INFO [2026-04-03 10:17:27] venn_list
INFO [2026-04-03 10:17:27] 
INFO [2026-04-03 10:17:27] $category.names
INFO [2026-04-03 10:17:27] c("UpGs", "Uniq-Cre-Gained")
INFO [2026-04-03 10:17:27] 
INFO [2026-04-03 10:17:27] $filename
INFO [2026-04-03 10:17:27] [1] "Venn_Overlap.tiff"
INFO [2026-04-03 10:17:27] 
INFO [2026-04-03 10:17:27] $output
INFO [2026-04-03 10:17:27] [1] TRUE
INFO [2026-04-03 10:17:27] 
INFO [2026-04-03 10:17:27] $lwd
INFO [2026-04-03 10:17:27] [1] 3
INFO [2026-04-03 10:17:27] 
INFO [2026-04-03 10:17:27] $fill
INFO [2026-04-03 10:17:27] c("lightblue", "skyblue")
INFO [2026-04-03 10:17:27] 
INFO [2026-04-03 10:17:27] $alpha
INFO [2026-04-03 10:17:27] [1] 0.5
INFO [2026-04-03 10:17:27] 
INFO [2026-04-03 10:17:27] $label.col
INFO [2026-04-03 10:17:27] [1] "black"
INFO [2026-04-03 10:17:27] 
INFO [2026-04-03 10:17:27] $cex
INFO [2026-04-03 10:17:27] [1] 1.5
INFO [2026-04-03 10:17:27] 
INFO [2026-04-03 10:17:27] $fontface
INFO [2026-04-03 10:17:27] [1] "bold"
INFO [2026-04-03 10:17:27] 
INFO [2026-04-03 10:17:27] $cat.cex
INFO [2026-04-03 10:17:27] [1] 1.5
INFO [2026-04-03 10:17:27] 
INFO [2026-04-03 10:17:27] $cat.fontface
INFO [2026-04-03 10:17:27] [1] "bold"
INFO [2026-04-03 10:17:27] 
INFO [2026-04-03 10:17:27] $cat.default.pos
INFO [2026-04-03 10:17:27] [1] "outer"
INFO [2026-04-03 10:17:27] 
INFO [2026-04-03 10:17:27] $cat.dist
INFO [2026-04-03 10:17:27] c(0.05, 0.05)
INFO [2026-04-03 10:17:27] 
